15-Apr-2022 18:15:22: IsFPGA:,0,0,
15-Apr-2022 18:15:22: C:\ti\mmwave_dfp_01_00_00_01\rf_eval\radarstudio\RunTime,0,
15-Apr-2022 18:15:43: API:select_chip_version,AR1243,0,
15-Apr-2022 18:15:44: API:select_chip_version,AR1243,0,
15-Apr-2022 18:16:12: API:ChannelConfig,3,15,0,
15-Apr-2022 18:16:12: API:AdcOutConfig,2,2,0,
15-Apr-2022 18:16:12: API:DataFmtConfig,15,2,1,0,0,0,
15-Apr-2022 18:16:14: API:LowPowerConfig,0,0,0,
15-Apr-2022 18:16:19: API:DataPathConfig,1,1,0,2,0,
15-Apr-2022 18:16:20: API:LvdsClkConfig,1,1,0,
15-Apr-2022 18:16:20: TSW1400 Sampling rate : 600000000 7500000,0,
15-Apr-2022 18:16:20: API:SetHsiClock,9,0,
15-Apr-2022 18:16:21: API:LaneConfig,15,0,
15-Apr-2022 18:16:21: API:LvdsLaneConfig,0,1,0,
15-Apr-2022 18:16:53: API:ProfileConfig,0,1435384036,500,500,5620,0,0,621,40,256,10000,0,0,30,0,
15-Apr-2022 18:16:53: API:ProfileConfig,1,1435384036,500,340,3000,0,0,621,40,256,10000,0,0,30,0,
15-Apr-2022 18:16:53: API:ProfileConfig,2,1435384036,500,196,5500,0,0,829,100,256,5000,0,0,30,0,
15-Apr-2022 18:16:53: API:ProfileConfig,3,1437685476,10000,600,6000,0,0,621,100,256,10000,0,0,30,0,
15-Apr-2022 18:16:53: API:ProfileConfig,3,1435384036,500,500,5620,0,0,621,40,256,10000,0,0,30,0,
15-Apr-2022 18:16:53: API:ProfileConfig,3,1435384036,500,340,3000,0,0,414,40,256,10000,0,0,30,0,
15-Apr-2022 18:16:53: API:ProfileConfig,3,1435384036,500,340,3000,0,0,829,40,256,10000,0,0,30,0,
15-Apr-2022 18:17:13: API:ChirpConfig,0,0,1,0,0,0,0,1,0,
15-Apr-2022 18:17:17: API:ChirpConfig,1,1,1,0,0,0,0,2,0,
15-Apr-2022 18:17:31: API:EnableTestSource,0,1,0,
15-Apr-2022 18:17:31: API:FrameConfig,0,1,50,128,8000000,0,512,0,
15-Apr-2022 18:17:31: API:AdvancedFrameConfig,1,0,0,0,2,128,8000000,0,1,1,8000000,0,0,0,0,0,0,0,0,0,0,0,0,0,0,0,0,0,0,0,0,0,0,0,0,0,0,0,50,0,0,0,0,0,0,0,0,0,0,0,0,0,0,0,0,
15-Apr-2022 18:17:35: Selecting ADC Device : ,AWR12xx_lvds_4Channel_ddr_4bit_par_centre_16_bit,0,
15-Apr-2022 18:17:35: Setting the number of samples to 3276800.,0,
15-Apr-2022 18:17:38: Setting the sampling frequency to 7500000.,0,
15-Apr-2022 18:17:38: Setting the input target frequency to30000000.,0,
15-Apr-2022 18:17:39: Applying Trigger Settings,0,
15-Apr-2022 18:17:48: API:ProfileConfig,0,1435384036,500,500,5620,0,0,621,40,256,10000,0,0,30,0,
15-Apr-2022 18:17:48: API:ProfileConfig,1,1435384036,500,340,3000,0,0,621,40,256,10000,0,0,30,0,
15-Apr-2022 18:17:48: API:ProfileConfig,2,1435384036,500,196,5500,0,0,829,100,256,5000,0,0,30,0,
15-Apr-2022 18:17:48: API:ProfileConfig,3,1437685476,10000,600,6000,0,0,621,100,256,10000,0,0,30,0,
15-Apr-2022 18:17:48: API:ProfileConfig,3,1435384036,500,500,5620,0,0,621,40,256,10000,0,0,30,0,
15-Apr-2022 18:17:49: API:ProfileConfig,3,1435384036,500,340,3000,0,0,414,40,256,10000,0,0,30,0,
15-Apr-2022 18:17:49: API:ProfileConfig,3,1435384036,500,340,3000,0,0,829,40,256,10000,0,0,30,0,
15-Apr-2022 18:17:51: API:ProfileConfig,3,1435384036,500,340,3000,0,0,829,40,256,10000,0,0,30,0,
15-Apr-2022 18:17:53: API:ChirpConfig,1,1,1,0,0,0,0,2,0,
15-Apr-2022 18:17:55: API:EnableTestSource,0,1,0,
15-Apr-2022 18:17:55: API:FrameConfig,0,1,50,128,8000000,0,512,0,
15-Apr-2022 18:17:55: API:AdvancedFrameConfig,1,0,0,0,2,128,8000000,0,1,1,8000000,0,0,0,0,0,0,0,0,0,0,0,0,0,0,0,0,0,0,0,0,0,0,0,0,0,0,0,50,0,0,0,0,0,0,0,0,0,0,0,0,0,0,0,0,
15-Apr-2022 18:17:57: Selecting ADC Device : ,AWR12xx_lvds_4Channel_ddr_4bit_par_centre_16_bit,0,
15-Apr-2022 18:17:58: Setting the number of samples to 3276800.,0,
15-Apr-2022 18:18:00: Setting the sampling frequency to 7500000.,0,
15-Apr-2022 18:18:00: Setting the input target frequency to30000000.,0,
15-Apr-2022 18:18:02: Applying Trigger Settings,0,
15-Apr-2022 18:18:23: Clearing out the bin file.,0,
15-Apr-2022 18:18:23: Applying Trigger Settings,0,
15-Apr-2022 18:18:23: Reading DDR Memory...,0,
15-Apr-2022 18:19:24: HSDCPro : Saving ADC Raw Data as Bin file at C:\ti\mmwave_dfp_01_00_00_01\rf_eval\radarstudio\PostProc\adc_data.bin,0,
15-Apr-2022 18:19:24: API:SensorStart,0,
15-Apr-2022 18:20:00: API:EnableTestSource,0,1,0,
15-Apr-2022 18:20:00: API:FrameConfig,0,1,25,128,4000000,0,512,0,
15-Apr-2022 18:20:00: API:AdvancedFrameConfig,1,0,0,0,2,128,4000000,0,1,1,4000000,0,0,0,0,0,0,0,0,0,0,0,0,0,0,0,0,0,0,0,0,0,0,0,0,0,0,0,25,0,0,0,0,0,0,0,0,0,0,0,0,0,0,0,0,
15-Apr-2022 18:20:09: Selecting ADC Device : ,AWR12xx_lvds_4Channel_ddr_4bit_par_centre_16_bit,0,
15-Apr-2022 18:20:10: Setting the number of samples to 1638400.,0,
15-Apr-2022 18:20:13: Setting the sampling frequency to 7500000.,0,
15-Apr-2022 18:20:13: Setting the input target frequency to30000000.,0,
15-Apr-2022 18:20:14: Applying Trigger Settings,0,
15-Apr-2022 18:22:08: Clearing out the bin file.,0,
15-Apr-2022 18:22:08: Applying Trigger Settings,0,
15-Apr-2022 18:22:08: Reading DDR Memory...,0,
15-Apr-2022 18:22:18: HSDCPro : Saving ADC Raw Data as Bin file at D:\thesiscollecteddata\25frames_30mhzslope_10mhzsample.bin,0,
15-Apr-2022 18:22:20: Error in Data collection. Please try again. Make sure that there is sufficient time (2 secs) between arming and triggering the frame. Also, make sure that the LVDS is active on the AR device and that the TSW1400 is active with the correct firmware.,0,
15-Apr-2022 18:22:37: API:SensorStart,0,
15-Apr-2022 18:23:10: Clearing out the bin file.,0,
15-Apr-2022 18:23:10: Reading DDR Memory...,0,
15-Apr-2022 18:23:38: HSDCPro : Saving ADC Raw Data as Bin file at D:\thesiscollecteddata\25frames_30mhzslope_10mhzsample.bin,0,
15-Apr-2022 18:24:05: API:SensorStart,0,
15-Apr-2022 18:24:05: Clearing out the bin file.,0,
15-Apr-2022 18:24:06: Reading DDR Memory...,0,
15-Apr-2022 18:24:16: HSDCPro : Saving ADC Raw Data as Bin file at D:\thesiscollecteddata\25frames_30mhzslope_10mhzsample.bin,0,
15-Apr-2022 18:25:06: API:SensorStart,0,
15-Apr-2022 18:25:08: API:SensorStart,0,
15-Apr-2022 18:25:12: Clearing out the bin file.,0,
15-Apr-2022 18:25:13: Reading DDR Memory...,0,
15-Apr-2022 18:25:42: HSDCPro : Saving ADC Raw Data as Bin file at D:\thesiscollecteddata\25frames_30mhzslope_10mhzsample.bin,0,
