19-Apr-2022 15:48:36: IsFPGA:,0,0,
19-Apr-2022 15:48:36: C:\ti\mmwave_dfp_01_00_00_01\rf_eval\radarstudio\RunTime,0,
19-Apr-2022 15:48:52: API:select_chip_version,AR1243,0,
19-Apr-2022 15:48:53: API:select_chip_version,AR1243,0,
19-Apr-2022 15:49:40: API:ChannelConfig,1,15,0,
19-Apr-2022 15:49:40: API:AdcOutConfig,2,2,0,
19-Apr-2022 15:49:40: API:DataFmtConfig,15,2,1,0,0,0,
19-Apr-2022 15:49:46: API:LowPowerConfig,0,0,0,
19-Apr-2022 15:49:53: API:DataPathConfig,1,1,0,2,0,
19-Apr-2022 15:49:55: API:LvdsClkConfig,1,1,0,
19-Apr-2022 15:49:55: TSW1400 Sampling rate : 600000000 7500000,0,
19-Apr-2022 15:49:55: API:SetHsiClock,9,0,
19-Apr-2022 15:50:02: API:LaneConfig,1,0,
19-Apr-2022 15:50:02: API:LvdsLaneConfig,0,1,0,
19-Apr-2022 15:50:39: API:LaneConfig,15,0,
19-Apr-2022 15:50:39: API:LvdsLaneConfig,0,1,0,
19-Apr-2022 15:51:17: API:ProfileConfig,0,1435384036,500,500,5620,0,0,621,40,256,10000,0,0,30,0,
19-Apr-2022 15:51:17: API:ProfileConfig,1,1435384036,500,340,3000,0,0,621,40,256,10000,0,0,30,0,
19-Apr-2022 15:51:17: API:ProfileConfig,2,1435384036,350,292,5515,0,0,414,40,256,5000,0,0,30,0,
19-Apr-2022 15:51:17: API:ProfileConfig,3,1437685476,10000,600,6000,0,0,621,100,256,10000,0,0,30,0,
19-Apr-2022 15:51:17: API:ProfileConfig,3,1435384036,500,500,5620,0,0,621,40,256,10000,0,0,30,0,
19-Apr-2022 15:51:17: API:ProfileConfig,3,1435384036,500,340,3000,0,0,414,40,256,10000,0,0,30,0,
19-Apr-2022 15:51:18: API:ProfileConfig,3,1435384036,500,340,3000,0,0,829,40,256,10000,0,0,30,0,
19-Apr-2022 15:51:30: API:ChirpConfig,1,1,0,0,0,0,0,1,0,
19-Apr-2022 15:51:47: API:ChirpConfig,0,0,1,0,0,0,0,1,0,
19-Apr-2022 15:52:13: API:EnableTestSource,0,1,0,
19-Apr-2022 15:52:13: API:FrameConfig,0,0,10,128,4000000,0,512,0,
19-Apr-2022 15:52:13: API:AdvancedFrameConfig,1,0,0,0,1,128,4000000,0,1,1,4000000,0,0,0,0,0,0,0,0,0,0,0,0,0,0,0,0,0,0,0,0,0,0,0,0,0,0,0,10,0,0,0,0,0,0,0,0,0,0,0,0,0,0,0,0,
19-Apr-2022 15:52:42: API:EnableTestSource,0,1,0,
19-Apr-2022 15:52:42: API:FrameConfig,0,0,10,128,1000000,0,512,0,
19-Apr-2022 15:52:42: API:AdvancedFrameConfig,1,0,0,0,1,128,1000000,0,1,1,1000000,0,0,0,0,0,0,0,0,0,0,0,0,0,0,0,0,0,0,0,0,0,0,0,0,0,0,0,10,0,0,0,0,0,0,0,0,0,0,0,0,0,0,0,0,
19-Apr-2022 15:52:46: Selecting ADC Device : ,AWR12xx_lvds_4Channel_ddr_4bit_par_centre_16_bit,0,
19-Apr-2022 15:52:47: Setting the number of samples to 327680.,0,
19-Apr-2022 15:52:50: Setting the sampling frequency to 7500000.,0,
19-Apr-2022 15:52:50: Setting the input target frequency to30000000.,0,
19-Apr-2022 15:52:51: Applying Trigger Settings,0,
19-Apr-2022 15:53:20: Clearing out the bin file.,0,
19-Apr-2022 15:53:20: Applying Trigger Settings,0,
19-Apr-2022 15:53:20: Reading DDR Memory...,0,
19-Apr-2022 15:53:29: HSDCPro : Saving ADC Raw Data as Bin file at C:\ti\mmwave_dfp_01_00_00_01\rf_eval\radarstudio\PostProc\adc_data.bin,0,
19-Apr-2022 15:53:29: API:SensorStart,0,
19-Apr-2022 15:54:42: Play as movie ,0,0,
19-Apr-2022 15:54:46: Play as movie ,0,0,
19-Apr-2022 15:55:07: Play as movie ,0,0,
19-Apr-2022 15:55:11: Play as movie ,0,0,
19-Apr-2022 15:57:29: API:EnableTestSource,0,1,0,
19-Apr-2022 15:57:29: API:FrameConfig,0,0,100,128,1000000,0,512,0,
19-Apr-2022 15:57:29: API:AdvancedFrameConfig,1,0,0,0,1,128,1000000,0,1,1,1000000,0,0,0,0,0,0,0,0,0,0,0,0,0,0,0,0,0,0,0,0,0,0,0,0,0,0,0,100,0,0,0,0,0,0,0,0,0,0,0,0,0,0,0,0,
19-Apr-2022 15:57:33: Selecting ADC Device : ,AWR12xx_lvds_4Channel_ddr_4bit_par_centre_16_bit,0,
19-Apr-2022 15:57:33: Setting the number of samples to 3276800.,0,
19-Apr-2022 15:57:36: Setting the sampling frequency to 7500000.,0,
19-Apr-2022 15:57:36: Setting the input target frequency to30000000.,0,
19-Apr-2022 15:57:37: Applying Trigger Settings,0,
19-Apr-2022 15:58:11: Clearing out the bin file.,0,
19-Apr-2022 15:58:11: Applying Trigger Settings,0,
19-Apr-2022 15:58:11: Reading DDR Memory...,0,
19-Apr-2022 15:59:07: HSDCPro : Saving ADC Raw Data as Bin file at D:\thesiscollecteddata\100frames.bin,0,
19-Apr-2022 16:00:00: API:SensorStart,0,
19-Apr-2022 16:00:05: Play as movie ,0,0,
19-Apr-2022 16:01:15: Clearing out the bin file.,0,
19-Apr-2022 16:01:15: Reading DDR Memory...,0,
19-Apr-2022 16:02:16: HSDCPro : Saving ADC Raw Data as Bin file at D:\thesiscollecteddata\100frames_high.bin,0,
19-Apr-2022 16:03:04: API:SensorStart,0,
19-Apr-2022 16:03:10: Play as movie ,0,0,
19-Apr-2022 16:04:49: API:EnableTestSource,0,1,0,
19-Apr-2022 16:04:49: API:FrameConfig,0,0,50,128,1000000,0,512,0,
19-Apr-2022 16:04:49: API:AdvancedFrameConfig,1,0,0,0,1,128,1000000,0,1,1,1000000,0,0,0,0,0,0,0,0,0,0,0,0,0,0,0,0,0,0,0,0,0,0,0,0,0,0,0,50,0,0,0,0,0,0,0,0,0,0,0,0,0,0,0,0,
19-Apr-2022 16:04:55: Selecting ADC Device : ,AWR12xx_lvds_4Channel_ddr_4bit_par_centre_16_bit,0,
19-Apr-2022 16:04:56: Setting the number of samples to 1638400.,0,
19-Apr-2022 16:04:59: Setting the sampling frequency to 7500000.,0,
19-Apr-2022 16:04:59: Setting the input target frequency to30000000.,0,
19-Apr-2022 16:05:00: Applying Trigger Settings,0,
19-Apr-2022 16:05:04: Clearing out the bin file.,0,
19-Apr-2022 16:05:04: Applying Trigger Settings,0,
19-Apr-2022 16:05:04: Reading DDR Memory...,0,
19-Apr-2022 16:05:38: HSDCPro : Saving ADC Raw Data as Bin file at D:\thesiscollecteddata\50frames_low.bin,0,
19-Apr-2022 16:06:02: API:SensorStart,0,
19-Apr-2022 16:06:02: Unable to access frame :,100,1,
19-Apr-2022 16:06:02: Unable to access frame :,100,1,
19-Apr-2022 16:06:09: Unable to access frame :,100,1,
19-Apr-2022 16:06:35: Unable to access frame :,100,1,
19-Apr-2022 16:09:04: API:ProfileConfig,3,1435384036,500,340,3000,0,0,829,40,256,10000,0,0,30,0,
19-Apr-2022 16:09:05: API:ChirpConfig,0,0,1,0,0,0,0,1,0,
19-Apr-2022 16:09:06: API:EnableTestSource,0,1,0,
19-Apr-2022 16:09:06: API:FrameConfig,0,0,50,128,1000000,0,512,0,
19-Apr-2022 16:09:06: API:AdvancedFrameConfig,1,0,0,0,1,128,1000000,0,1,1,1000000,0,0,0,0,0,0,0,0,0,0,0,0,0,0,0,0,0,0,0,0,0,0,0,0,0,0,0,50,0,0,0,0,0,0,0,0,0,0,0,0,0,0,0,0,
19-Apr-2022 16:09:54: Selecting ADC Device : ,AWR12xx_lvds_4Channel_ddr_4bit_par_centre_16_bit,0,
19-Apr-2022 16:09:55: Setting the number of samples to 1638400.,0,
19-Apr-2022 16:09:57: Setting the sampling frequency to 7500000.,0,
19-Apr-2022 16:09:57: Setting the input target frequency to30000000.,0,
19-Apr-2022 16:09:59: Applying Trigger Settings,0,
19-Apr-2022 16:10:02: Clearing out the bin file.,0,
19-Apr-2022 16:10:02: Applying Trigger Settings,0,
19-Apr-2022 16:10:02: Reading DDR Memory...,0,
19-Apr-2022 16:10:32: HSDCPro : Saving ADC Raw Data as Bin file at D:\thesiscollecteddata\50frames_high_longrange.bin,0,
19-Apr-2022 16:10:57: API:SensorStart,0,
19-Apr-2022 16:10:57: Unable to access frame :,100,1,
19-Apr-2022 16:11:14: Unable to access frame :,100,1,
19-Apr-2022 16:11:48: API:EnableTestSource,0,1,0,
19-Apr-2022 16:11:48: API:FrameConfig,0,0,100,128,1000000,0,512,0,
19-Apr-2022 16:11:48: API:AdvancedFrameConfig,1,0,0,0,1,128,1000000,0,1,1,1000000,0,0,0,0,0,0,0,0,0,0,0,0,0,0,0,0,0,0,0,0,0,0,0,0,0,0,0,100,0,0,0,0,0,0,0,0,0,0,0,0,0,0,0,0,
19-Apr-2022 16:11:51: Selecting ADC Device : ,AWR12xx_lvds_4Channel_ddr_4bit_par_centre_16_bit,0,
19-Apr-2022 16:11:51: Setting the number of samples to 3276800.,0,
19-Apr-2022 16:11:54: Setting the sampling frequency to 7500000.,0,
19-Apr-2022 16:11:54: Setting the input target frequency to30000000.,0,
19-Apr-2022 16:11:56: Applying Trigger Settings,0,
19-Apr-2022 16:11:57: Clearing out the bin file.,0,
19-Apr-2022 16:11:57: Applying Trigger Settings,0,
19-Apr-2022 16:11:57: Reading DDR Memory...,0,
19-Apr-2022 16:12:56: HSDCPro : Saving ADC Raw Data as Bin file at D:\thesiscollecteddata\100frames_high_longrange.bin,0,
